<?xml version="1.0" encoding="UTF-8"?>
<!-- Generated by org.testng.reporters.JUnitReportReporter -->
<testsuite hostname="DESKTOP-ROC825B" failures="0" tests="4" name="com.TestNGPractise.TestNGEnable_DisableAnyTest" time="0.012" errors="0" timestamp="2021-07-18T01:27:47 EDT" skipped="1">
  <testcase classname="com.TestNGPractise.TestNGEnable_DisableAnyTest" name="getLogin" time="0.003"/>
  <system-out/>
  <testcase classname="com.TestNGPractise.TestNGEnable_DisableAnyTest" name="FindAgency" time="0.006"/>
  <system-out/>
  <testcase classname="com.TestNGPractise.TestNGEnable_DisableAnyTest" name="ForSale" time="0.003"/>
  <system-out/>
  <testcase classname="com.TestNGPractise.TestNGEnable_DisableAnyTest" name="HousePrices">
    <skipped/>
  </testcase> <!-- HousePrices -->
  <system-out/>
</testsuite> <!-- com.TestNGPractise.TestNGEnable_DisableAnyTest -->
