<?xml version="1.0" encoding="UTF-8"?>
<!-- Generated by org.testng.reporters.JUnitReportReporter -->
<testsuite hostname="DESKTOP-ROC825B" failures="0" tests="4" name="com.TestNGPractise.SmokeTestforTestNG" time="0.015" errors="0" timestamp="2021-07-18T01:18:24 EDT" skipped="0">
  <testcase classname="com.TestNGPractise.SmokeTestforTestNG" name="forSale" time="0.005"/>
  <system-out/>
  <testcase classname="com.TestNGPractise.SmokeTestforTestNG" name="HousePrices" time="0.004"/>
  <system-out/>
  <testcase classname="com.TestNGPractise.SmokeTestforTestNG" name="ToRent" time="0.004"/>
  <system-out/>
  <testcase classname="com.TestNGPractise.SmokeTestforTestNG" name="getLogin" time="0.002"/>
  <system-out/>
</testsuite> <!-- com.TestNGPractise.SmokeTestforTestNG -->
