<?xml version="1.0" encoding="UTF-8"?>
<!-- Generated by org.testng.reporters.JUnitReportReporter -->
<testsuite hostname="DESKTOP-ROC825B" failures="0" tests="1" name="com.TestNGPractise.USA" time="0.018" errors="0" timestamp="2021-07-18T00:39:28 EDT" skipped="0">
  <testcase classname="com.TestNGPractise.USA" name="usa" time="0.018"/>
  <system-out/>
</testsuite> <!-- com.TestNGPractise.USA -->
